<?xml version="1.0" encoding="UTF-8"?>
<!-- Generated by org.testng.reporters.JUnitReportReporter -->
<testsuite skipped="0" hostname="DESKTOP-EUU2N5D" name="com.mycom.runner.TestRunner" tests="1" failures="0" timestamp="13 Mar 2020 11:46:37 GMT" time="16.266" errors="0">
  <testcase name="feature" time="16.266" classname="com.mycom.runner.TestRunner"/>
</testsuite> <!-- com.mycom.runner.TestRunner -->
